<?xml version="1.0" encoding="UTF-8"?>
<testng-results ignored="0" total="1" passed="1" failed="0" skipped="0">
  <reporter-output>
  </reporter-output>
  <suite started-at="2024-04-06T10:40:12 IST" name="Default suite" finished-at="2024-04-06T10:40:13 IST" duration-ms="1619">
    <groups>
    </groups>
    <test started-at="2024-04-06T10:40:12 IST" name="Default test" finished-at="2024-04-06T10:40:13 IST" duration-ms="1619">
      <class name="SumValidation">
        <test-method signature="sumOfCourse()[pri:0, instance:SumValidation@73e9cf30]" started-at="2024-04-06T10:40:12 IST" name="sumOfCourse" finished-at="2024-04-06T10:40:13 IST" duration-ms="1568" status="PASS">
          <reporter-output>
          </reporter-output>
        </test-method> <!-- sumOfCourse -->
      </class> <!-- SumValidation -->
    </test> <!-- Default test -->
  </suite> <!-- Default suite -->
</testng-results>
