<?xml version="1.0" encoding="UTF-8"?>
<testng-results ignored="0" total="3" passed="3" failed="0" skipped="0">
  <reporter-output>
  </reporter-output>
  <suite started-at="2024-04-06T23:43:49 IST" name="Default suite" finished-at="2024-04-06T23:43:52 IST" duration-ms="2837">
    <groups>
    </groups>
    <test started-at="2024-04-06T23:43:49 IST" name="Default test" finished-at="2024-04-06T23:43:52 IST" duration-ms="2837">
      <class name="files.DynamicJson">
        <test-method signature="addBook(java.lang.String,java.lang.String)[pri:0, instance:files.DynamicJson@729d991e]" started-at="2024-04-06T23:43:50 IST" name="addBook" data-provider="booksdata" finished-at="2024-04-06T23:43:52 IST" duration-ms="2515" status="PASS">
          <params>
            <param index="0">
              <value>
                <![CDATA[ada]]>
              </value>
            </param>
            <param index="1">
              <value>
                <![CDATA[123]]>
              </value>
            </param>
          </params>
          <reporter-output>
          </reporter-output>
        </test-method> <!-- addBook -->
        <test-method signature="addBook(java.lang.String,java.lang.String)[pri:0, instance:files.DynamicJson@729d991e]" started-at="2024-04-06T23:43:52 IST" name="addBook" data-provider="booksdata" finished-at="2024-04-06T23:43:52 IST" duration-ms="141" status="PASS">
          <params>
            <param index="0">
              <value>
                <![CDATA[rgth]]>
              </value>
            </param>
            <param index="1">
              <value>
                <![CDATA[3456]]>
              </value>
            </param>
          </params>
          <reporter-output>
          </reporter-output>
        </test-method> <!-- addBook -->
        <test-method signature="addBook(java.lang.String,java.lang.String)[pri:0, instance:files.DynamicJson@729d991e]" started-at="2024-04-06T23:43:52 IST" name="addBook" data-provider="booksdata" finished-at="2024-04-06T23:43:52 IST" duration-ms="125" status="PASS">
          <params>
            <param index="0">
              <value>
                <![CDATA[fefj]]>
              </value>
            </param>
            <param index="1">
              <value>
                <![CDATA[76896]]>
              </value>
            </param>
          </params>
          <reporter-output>
          </reporter-output>
        </test-method> <!-- addBook -->
      </class> <!-- files.DynamicJson -->
    </test> <!-- Default test -->
  </suite> <!-- Default suite -->
</testng-results>
